# JRE version: OpenJDK Runtime Environment (8.0_292-b10) (build 1.8.0_292-8u292-b10-0ubuntu1~20.04-b10)
# Java VM: OpenJDK 64-Bit Server VM (25.292-b10 mixed mode linux-amd64 compressed oops)
Heap:
 PSYoungGen      total 221696K, used 17299K [0x00000000f0000000, 0x0000000100000000, 0x0000000100000000)
  eden space 179200K, 6% used [0x00000000f0000000,0x00000000f0b614b0,0x00000000faf00000)
  from space 42496K, 13% used [0x00000000fd680000,0x00000000fdc037a8,0x0000000100000000)
  to   space 40448K, 0% used [0x00000000faf00000,0x00000000faf00000,0x00000000fd680000)
 ParOldGen       total 524288K, used 129795K [0x00000000d0000000, 0x00000000f0000000, 0x00000000f0000000)
  object space 524288K, 24% used [0x00000000d0000000,0x00000000d7ec0ff8,0x00000000f0000000)
 Metaspace       used 80714K, capacity 86394K, committed 86488K, reserved 1124352K
  class space    used 10517K, capacity 11934K, committed 11992K, reserved 1048576K
GC Heap History (10 events):
Event: 29661.185 GC heap before
{Heap before GC invocations=59 (full 3):
 PSYoungGen      total 210944K, used 164098K [0x00000000f0000000, 0x0000000100000000, 0x0000000100000000)
  eden space 160256K, 100% used [0x00000000f0000000,0x00000000f9c80000,0x00000000f9c80000)
  from space 50688K, 7% used [0x00000000f9c80000,0x00000000fa0408d8,0x00000000fce00000)
  to   space 49664K, 0% used [0x00000000fcf80000,0x00000000fcf80000,0x0000000100000000)
 ParOldGen       total 524288K, used 128835K [0x00000000d0000000, 0x00000000f0000000, 0x00000000f0000000)
  object space 524288K, 24% used [0x00000000d0000000,0x00000000d7dd0d18,0x00000000f0000000)
 Metaspace       used 79655K, capacity 85184K, committed 85336K, reserved 1122304K
  class space    used 10424K, capacity 11819K, committed 11864K, reserved 1048576K
Event: 29661.190 GC heap after
Heap after GC invocations=59 (full 3):
 PSYoungGen      total 214016K, used 5156K [0x00000000f0000000, 0x0000000100000000, 0x0000000100000000)
  eden space 164352K, 0% used [0x00000000f0000000,0x00000000f0000000,0x00000000fa080000)
  from space 49664K, 10% used [0x00000000fcf80000,0x00000000fd489300,0x0000000100000000)
  to   space 48128K, 0% used [0x00000000fa080000,0x00000000fa080000,0x00000000fcf80000)
 ParOldGen       total 524288K, used 128923K [0x00000000d0000000, 0x00000000f0000000, 0x00000000f0000000)
  object space 524288K, 24% used [0x00000000d0000000,0x00000000d7de6d18,0x00000000f0000000)
 Metaspace       used 79655K, capacity 85184K, committed 85336K, reserved 1122304K
  class space    used 10424K, capacity 11819K, committed 11864K, reserved 1048576K
}
Event: 29813.702 GC heap before
{Heap before GC invocations=60 (full 3):
 PSYoungGen      total 214016K, used 169508K [0x00000000f0000000, 0x0000000100000000, 0x0000000100000000)
  eden space 164352K, 100% used [0x00000000f0000000,0x00000000fa080000,0x00000000fa080000)
  from space 49664K, 10% used [0x00000000fcf80000,0x00000000fd489300,0x0000000100000000)
  to   space 48128K, 0% used [0x00000000fa080000,0x00000000fa080000,0x00000000fcf80000)
 ParOldGen       total 524288K, used 128923K [0x00000000d0000000, 0x00000000f0000000, 0x00000000f0000000)
  object space 524288K, 24% used [0x00000000d0000000,0x00000000d7de6d18,0x00000000f0000000)
 Metaspace       used 79964K, capacity 85518K, committed 85592K, reserved 1122304K
  class space    used 10439K, capacity 11832K, committed 11864K, reserved 1048576K
Event: 29813.706 GC heap after
Heap after GC invocations=60 (full 3):
 PSYoungGen      total 212480K, used 6264K [0x00000000f0000000, 0x0000000100000000, 0x0000000100000000)
  eden space 164352K, 0% used [0x00000000f0000000,0x00000000f0000000,0x00000000fa080000)
  from space 48128K, 13% used [0x00000000fa080000,0x00000000fa69e310,0x00000000fcf80000)
  to   space 46080K, 0% used [0x00000000fd300000,0x00000000fd300000,0x0000000100000000)
 ParOldGen       total 524288K, used 128931K [0x00000000d0000000, 0x00000000f0000000, 0x00000000f0000000)
  object space 524288K, 24% used [0x00000000d0000000,0x00000000d7de8d18,0x00000000f0000000)
 Metaspace       used 79964K, capacity 85518K, committed 85592K, reserved 1122304K
  class space    used 10439K, capacity 11832K, committed 11864K, reserved 1048576K
}
Event: 29924.549 GC heap before
{Heap before GC invocations=61 (full 3):
 PSYoungGen      total 212480K, used 170463K [0x00000000f0000000, 0x0000000100000000, 0x0000000100000000)
  eden space 164352K, 99% used [0x00000000f0000000,0x00000000fa059a80,0x00000000fa080000)
  from space 48128K, 13% used [0x00000000fa080000,0x00000000fa69e310,0x00000000fcf80000)
  to   space 46080K, 0% used [0x00000000fd300000,0x00000000fd300000,0x0000000100000000)
 ParOldGen       total 524288K, used 128931K [0x00000000d0000000, 0x00000000f0000000, 0x00000000f0000000)
  object space 524288K, 24% used [0x00000000d0000000,0x00000000d7de8d18,0x00000000f0000000)
 Metaspace       used 79999K, capacity 85602K, committed 85848K, reserved 1124352K
  class space    used 10447K, capacity 11846K, committed 11864K, reserved 1048576K
Event: 29924.558 GC heap after
Heap after GC invocations=61 (full 3):
 PSYoungGen      total 218112K, used 6327K [0x00000000f0000000, 0x0000000100000000, 0x0000000100000000)
  eden space 172032K, 0% used [0x00000000f0000000,0x00000000f0000000,0x00000000fa800000)
  from space 46080K, 13% used [0x00000000fd300000,0x00000000fd92dc68,0x0000000100000000)
  to   space 44032K, 0% used [0x00000000fa800000,0x00000000fa800000,0x00000000fd300000)
 ParOldGen       total 524288K, used 129099K [0x00000000d0000000, 0x00000000f0000000, 0x00000000f0000000)
  object space 524288K, 24% used [0x00000000d0000000,0x00000000d7e12d28,0x00000000f0000000)
 Metaspace       used 79999K, capacity 85602K, committed 85848K, reserved 1124352K
  class space    used 10447K, capacity 11846K, committed 11864K, reserved 1048576K
}
Event: 31588.997 GC heap before
{Heap before GC invocations=62 (full 3):
 PSYoungGen      total 218112K, used 178359K [0x00000000f0000000, 0x0000000100000000, 0x0000000100000000)
  eden space 172032K, 100% used [0x00000000f0000000,0x00000000fa800000,0x00000000fa800000)
  from space 46080K, 13% used [0x00000000fd300000,0x00000000fd92dc68,0x0000000100000000)
  to   space 44032K, 0% used [0x00000000fa800000,0x00000000fa800000,0x00000000fd300000)
 ParOldGen       total 524288K, used 129099K [0x00000000d0000000, 0x00000000f0000000, 0x00000000f0000000)
  object space 524288K, 24% used [0x00000000d0000000,0x00000000d7e12d28,0x00000000f0000000)
 Metaspace       used 80269K, capacity 85908K, committed 86232K, reserved 1124352K
  class space    used 10458K, capacity 11881K, committed 11992K, reserved 1048576K
Event: 31589.003 GC heap after
Heap after GC invocations=62 (full 3):
 PSYoungGen      total 216064K, used 5720K [0x00000000f0000000, 0x0000000100000000, 0x0000000100000000)
  eden space 172032K, 0% used [0x00000000f0000000,0x00000000f0000000,0x00000000fa800000)
  from space 44032K, 12% used [0x00000000fa800000,0x00000000fad96340,0x00000000fd300000)
  to   space 42496K, 0% used [0x00000000fd680000,0x00000000fd680000,0x0000000100000000)
 ParOldGen       total 524288K, used 129715K [0x00000000d0000000, 0x00000000f0000000, 0x00000000f0000000)
  object space 524288K, 24% used [0x00000000d0000000,0x00000000d7eacff8,0x00000000f0000000)
 Metaspace       used 80269K, capacity 85908K, committed 86232K, reserved 1124352K
  class space    used 10458K, capacity 11881K, committed 11992K, reserved 1048576K
}
Event: 31972.680 GC heap before
{Heap before GC invocations=63 (full 3):
 PSYoungGen      total 216064K, used 177752K [0x00000000f0000000, 0x0000000100000000, 0x0000000100000000)
  eden space 172032K, 100% used [0x00000000f0000000,0x00000000fa800000,0x00000000fa800000)
  from space 44032K, 12% used [0x00000000fa800000,0x00000000fad96340,0x00000000fd300000)
  to   space 42496K, 0% used [0x00000000fd680000,0x00000000fd680000,0x0000000100000000)
 ParOldGen       total 524288K, used 129715K [0x00000000d0000000, 0x00000000f0000000, 0x00000000f0000000)
  object space 524288K, 24% used [0x00000000d0000000,0x00000000d7eacff8,0x00000000f0000000)
 Metaspace       used 80704K, capacity 86380K, committed 86488K, reserved 1124352K
  class space    used 10512K, capacity 11928K, committed 11992K, reserved 1048576K
Event: 31972.684 GC heap after
Heap after GC invocations=63 (full 3):
 PSYoungGen      total 221696K, used 5645K [0x00000000f0000000, 0x0000000100000000, 0x0000000100000000)
  eden space 179200K, 0% used [0x00000000f0000000,0x00000000f0000000,0x00000000faf00000)
  from space 42496K, 13% used [0x00000000fd680000,0x00000000fdc037a8,0x0000000100000000)
  to   space 40448K, 0% used [0x00000000faf00000,0x00000000faf00000,0x00000000fd680000)
 ParOldGen       total 524288K, used 129795K [0x00000000d0000000, 0x00000000f0000000, 0x00000000f0000000)
  object space 524288K, 24% used [0x00000000d0000000,0x00000000d7ec0ff8,0x00000000f0000000)
 Metaspace       used 80704K, capacity 86380K, committed 86488K, reserved 1124352K
  class space    used 10512K, capacity 11928K, committed 11992K, reserved 1048576K
}

